<?xml version="1.0" encoding="UTF-8"?>
<coverage generated="1542396849568" clover="3.2.0">
  <project timestamp="1542396849568" name="All files">
    <metrics statements="3" coveredstatements="2" conditionals="0" coveredconditionals="0" methods="2" coveredmethods="1" elements="5" coveredelements="3" complexity="0" loc="3" ncloc="3" packages="1" files="1" classes="1">
      <file name="sum.js" path="D:\LESDA\lesda-web-backoffice\src\utils\sum.js">
        <metrics statements="3" coveredstatements="2" conditionals="0" coveredconditionals="0" methods="2" coveredmethods="1"/>
        <line num="6" count="1" type="stmt"/>
        <line num="8" count="1" type="stmt"/>
        <line num="11" count="0" type="stmt"/>
      </file>
    </metrics>
  </project>
</coverage>
