{"D:\\LESDA\\lesda-web-backoffice\\src\\utils\\sum.js": {"path":"D:\\LESDA\\lesda-web-backoffice\\src\\utils\\sum.js","statementMap":{"0":{"start":{"line":6,"column":3},"end":{"line":6,"column":16}},"1":{"start":{"line":8,"column":0},"end":{"line":8,"column":21}},"2":{"start":{"line":11,"column":1},"end":{"line":11,"column":13}}},"fnMap":{"0":{"name":"sum","decl":{"start":{"line":5,"column":9},"end":{"line":5,"column":12}},"loc":{"start":{"line":5,"column":19},"end":{"line":7,"column":1}},"line":5},"1":{"name":"test","decl":{"start":{"line":10,"column":9},"end":{"line":10,"column":13}},"loc":{"start":{"line":10,"column":15},"end":{"line":12,"column":1}},"line":10}},"branchMap":{},"s":{"0":1,"1":1,"2":0},"f":{"0":1,"1":0},"b":{},"_coverageSchema":"332fd63041d2c1bcb487cc26dd0d5f7d97098a6c","hash":"fe1d468cab783302257cdfdcb1f680b5fc035894"}
}
